06:22:13 | Report To PDF Mode: INTERVAL {0}
06:22:13 | Report To PDF scheduled to run after: 0 day(s) 0 hour(s) 1 minute(s) 0 seconds(s) {0}
06:23:13 | Callback Log: 06/03/2023 06:23:13 AM
06:23:13 | ------------------------------------------------------------------------------
06:23:13 | Process Started
06:23:13 | 
06:23:13 | Processing file [am0026_2021_06_04_M.rpt] Agency Experience
06:23:13 | Writing to folder [\\filesrv\Apps\IT\PrintToPdfTesting\am0026\2021\06\]
06:24:21 | Processed Agency [0511]
06:24:27 | Processed Agency [0519]
06:24:38 | Processed Agency [0531]
06:24:44 | Processed Agency [0544]
06:24:50 | Processed Agency [0555]
06:25:18 | Processed Agency [0612]
06:25:24 | Processed Agency [0621]
06:26:01 | Processed Agency [0745]
06:26:06 | Processed Agency [0757]
06:26:18 | Processed Agency [0809]
06:26:42 | Processed Agency [0882]
06:27:09 | Processed Agency [0895]
06:27:15 | Processed Agency [0896]
06:27:39 | Processed Agency [1319]
06:27:52 | Processed Agency [1366]
06:27:59 | Processed Agency [1405]
06:28:11 | Processed Agency [1442]
06:28:22 | Processed Agency [1449]
06:28:38 | Processed Agency [1457]
06:29:10 | Processed Agency [1476]
06:29:16 | Processed Agency [1478]
06:29:22 | Processed Agency [1479]
06:29:33 | Processed Agency [1483]
06:29:43 | Processed Agency [1487]
06:30:02 | Processed Agency [1508]
06:30:14 | Processed Agency [1513]
06:30:20 | Processed Agency [1514]
06:30:30 | Processed Agency [1518]
06:30:35 | Processed Agency [1520]
06:30:46 | Processed Agency [1535]
06:30:56 | Processed Agency [1539]
06:31:03 | Processed Agency [1542]
06:31:16 | Processed Agency [1544]
06:31:56 | Processed Agency [1569]
06:32:07 | Processed Agency [1574]
06:32:13 | Processed Agency [1575]
06:32:25 | Processed Agency [1583]
06:33:03 | Processed Agency [1596]
06:33:09 | Processed Agency [1598]
06:33:35 | Processed Agency [1608]
06:33:51 | Processed Agency [1611]
06:34:17 | Processed Agency [1626]
06:34:33 | Processed Agency [1630]
06:34:48 | Processed Agency [1635]
06:35:08 | Processed Agency [1640]
06:35:13 | Processed Agency [1641]
06:35:24 | Processed Agency [1644]
06:35:29 | Processed Agency [1645]
06:35:34 | Processed Agency [1647]
06:35:54 | Processed Agency [1659]
06:35:59 | Processed Agency [1661]
06:36:14 | Processed Agency [1667]
06:36:19 | Processed Agency [1668]
06:36:24 | Processed Agency [1671]
06:36:39 | Processed Agency [1674]
06:36:49 | Processed Agency [1681]
06:37:31 | Processed Agency [1693]
06:37:36 | Processed Agency [1694]
06:37:45 | Processed Agency [1704]
06:37:50 | Processed Agency [1705]
06:37:56 | Processed Agency [1706]
06:38:01 | Processed Agency [1707]
06:38:15 | Processed Agency [1713]
06:38:29 | Processed Agency [1723]
06:38:34 | Processed Agency [1724]
06:38:39 | Processed Agency [1725]
06:38:45 | Processed Agency [1728]
06:38:58 | Processed Agency [1732]
06:39:51 | Processed Agency [1759]
06:40:01 | Processed Agency [1762]
06:40:06 | Processed Agency [1763]
06:40:11 | Processed Agency [1764]
06:40:16 | Processed Agency [1767]
06:40:21 | Processed Agency [1768]
06:40:31 | Processed Agency [1771]
06:40:41 | Processed Agency [4111]
06:40:47 | Processed Agency [4159]
06:40:52 | Processed Agency [4172]
06:40:57 | Processed Agency [4182]
06:41:07 | Processed Agency [4327]
06:41:22 | Processed Agency [4557]
06:41:33 | Processed Agency [4593]
06:41:48 | Processed Agency [4607]
06:41:57 | Processed Agency [4625]
06:42:03 | Processed Agency [4626]
06:42:14 | Processed Agency [4630]
06:42:33 | Processed Agency [4643]
06:42:39 | Processed Agency [4648]
06:42:44 | Processed Agency [4650]
06:42:49 | Processed Agency [4652]
06:42:54 | Processed Agency [4653]
06:43:25 | Processed Agency [4678]
06:43:35 | Processed Agency [4680]
06:43:41 | Processed Agency [4681]
06:43:46 | Processed Agency [4686]
06:43:51 | Processed Agency [4689]
06:44:00 | Processed Agency [4692]
06:44:05 | Processed Agency [4694]
06:44:10 | Processed Agency [4698]
06:44:14 | Processed Agency [4699]
06:44:19 | Processed Agency [4702]
06:44:24 | Processed Agency [4703]
06:44:58 | Processed Agency [4712]
06:45:03 | Processed Agency [4713]
06:45:15 | Processed Agency [4716]
06:45:24 | Processed Agency [4718]
06:45:29 | Processed Agency [4719]
06:45:33 | Processed Agency [4720]
06:45:39 | Processed Agency [4723]
06:45:56 | Processed Agency [4730]
06:46:14 | Processed Agency [4736]
06:46:22 | Processed Agency [4740]
06:47:12 | Processed Agency [4763]
06:47:20 | Processed Agency [4765]
06:47:47 | Processed Agency [4777]
06:47:52 | Processed Agency [4779]
06:48:16 | Processed Agency [4790]
06:48:51 | Processed Agency [4806]
06:49:47 | Processed Agency [4832]
06:49:56 | Processed Agency [4836]
06:50:01 | Processed Agency [4838]
06:50:10 | Processed Agency [4842]
06:50:57 | Processed Agency [4866]
06:51:06 | Processed Agency [4869]
06:51:11 | Processed Agency [4871]
06:51:44 | Processed Agency [4880]
06:52:08 | Processed Agency [4886]
06:53:06 | Processed Agency [4911]
06:53:40 | Processed Agency [4922]
06:54:11 | Processed Agency [5425]
06:54:17 | Processed Agency [5449]
06:54:37 | Processed Agency [5493]
06:54:42 | Processed Agency [5512]
06:54:51 | Processed Agency [5578]
06:55:30 | Processed Agency [5684]
06:55:35 | Processed Agency [5690]
06:55:53 | Processed Agency [5709]
06:56:02 | Processed Agency [5713]
06:56:22 | Processed Agency [5727]
06:56:50 | Processed Agency [5746]
06:56:55 | Processed Agency [5747]
06:57:17 | Processed Agency [5760]
06:57:41 | Processed Agency [5768]
06:58:24 | Processed Agency [5785]
06:58:29 | Processed Agency [5786]
06:58:45 | Processed Agency [5791]
06:58:49 | Processed Agency [5793]
06:58:55 | Processed Agency [5794]
06:59:03 | Processed Agency [5802]
06:59:09 | Processed Agency [5803]
06:59:27 | Processed Agency [5816]
07:00:02 | Processed Agency [5832]
07:00:07 | Processed Agency [5833]
07:00:37 | Processed Agency [5843]
07:00:49 | Processed Agency [5846]
07:01:14 | Processed Agency [5855]
07:01:55 | Processed Agency [5868]
07:02:00 | Processed Agency [5869]
07:02:14 | Processed Agency [5875]
07:02:25 | Processed Agency [5878]
07:03:04 | Processed Agency [5893]
07:03:54 | Processed Agency [5914]
07:04:14 | Processed Agency [5920]
07:04:17 | Processed Agency [5921]
07:04:21 | Processed Agency [5922]
07:04:28 | Processed Agency [5925]
07:04:32 | Processed Agency [5928]
07:04:36 | Processed Agency [5929]
07:04:56 | Processed Agency [5936]
07:05:07 | Processed Agency [5942]
